# JRE version: OpenJDK Runtime Environment Temurin-21.0.8+9 (21.0.8+9) (build 21.0.8+9-LTS)
# Java VM: OpenJDK 64-Bit Server VM Temurin-21.0.8+9 (21.0.8+9-LTS, mixed mode, sharing, tiered, compressed oops, compressed class ptrs, parallel gc, windows-amd64)
GC Precious Log:
 CardTable entry size: 512
 CPUs: 6 total, 6 available
 Memory: 16165M
 Large Page Support: Disabled
 NUMA Support: Disabled
 Compressed Oops: Enabled (32-bit)
 Alignments: Space 512K, Generation 512K, Heap 2M
 Heap Min Capacity: 100M
 Heap Initial Capacity: 100M
 Heap Max Capacity: 2G
 Pre-touch: Disabled
 Parallel Workers: 6
Heap:
 PSYoungGen      total 29184K, used 28909K [0x00000000d5580000, 0x00000000d8e00000, 0x0000000100000000)
  eden space 9728K, 98% used [0x00000000d5580000,0x00000000d5ed2198,0x00000000d5f00000)
  from space 19456K, 99% used [0x00000000d7b00000,0x00000000d8de94b0,0x00000000d8e00000)
  to   space 22528K, 0% used [0x00000000d6200000,0x00000000d6200000,0x00000000d7800000)
 ParOldGen       total 290816K, used 290706K [0x0000000080000000, 0x0000000091c00000, 0x00000000d5580000)
  object space 290816K, 99% used [0x0000000080000000,0x0000000091be48e0,0x0000000091c00000)
 Metaspace       used 50108K, committed 51456K, reserved 1114112K
  class space    used 5418K, committed 6016K, reserved 1048576K
GC Heap History (20 events):
Event: 21.653 GC heap before
{Heap before GC invocations=228 (full 5):
 PSYoungGen      total 16384K, used 16071K [0x00000000d5580000, 0x00000000d6e80000, 0x0000000100000000)
  eden space 7168K, 99% used [0x00000000d5580000,0x00000000d5c76128,0x00000000d5c80000)
  from space 9216K, 97% used [0x00000000d6580000,0x00000000d6e3bc60,0x00000000d6e80000)
  to   space 9216K, 0% used [0x00000000d5c80000,0x00000000d5c80000,0x00000000d6580000)
 ParOldGen       total 280064K, used 269247K [0x0000000080000000, 0x0000000091180000, 0x00000000d5580000)
  object space 280064K, 96% used [0x0000000080000000,0x00000000906efd30,0x0000000091180000)
 Metaspace       used 49310K, committed 50688K, reserved 1114112K
  class space    used 5332K, committed 5952K, reserved 1048576K
}
Event: 21.658 GC heap after
{Heap after GC invocations=228 (full 5):
 PSYoungGen      total 16384K, used 9215K [0x00000000d5580000, 0x00000000d7700000, 0x0000000100000000)
  eden space 7168K, 0% used [0x00000000d5580000,0x00000000d5580000,0x00000000d5c80000)
  from space 9216K, 99% used [0x00000000d5c80000,0x00000000d657fd00,0x00000000d6580000)
  to   space 13312K, 0% used [0x00000000d6a00000,0x00000000d6a00000,0x00000000d7700000)
 ParOldGen       total 280064K, used 272479K [0x0000000080000000, 0x0000000091180000, 0x00000000d5580000)
  object space 280064K, 97% used [0x0000000080000000,0x0000000090a17e28,0x0000000091180000)
 Metaspace       used 49310K, committed 50688K, reserved 1114112K
  class space    used 5332K, committed 5952K, reserved 1048576K
}
Event: 21.730 GC heap before
{Heap before GC invocations=229 (full 5):
 PSYoungGen      total 16384K, used 16342K [0x00000000d5580000, 0x00000000d7700000, 0x0000000100000000)
  eden space 7168K, 99% used [0x00000000d5580000,0x00000000d5c75b88,0x00000000d5c80000)
  from space 9216K, 99% used [0x00000000d5c80000,0x00000000d657fd00,0x00000000d6580000)
  to   space 13312K, 0% used [0x00000000d6a00000,0x00000000d6a00000,0x00000000d7700000)
 ParOldGen       total 280064K, used 272479K [0x0000000080000000, 0x0000000091180000, 0x00000000d5580000)
  object space 280064K, 97% used [0x0000000080000000,0x0000000090a17e28,0x0000000091180000)
 Metaspace       used 49310K, committed 50688K, reserved 1114112K
  class space    used 5332K, committed 5952K, reserved 1048576K
}
Event: 21.734 GC heap after
{Heap after GC invocations=229 (full 5):
 PSYoungGen      total 20480K, used 13080K [0x00000000d5580000, 0x00000000d7800000, 0x0000000100000000)
  eden space 7168K, 0% used [0x00000000d5580000,0x00000000d5580000,0x00000000d5c80000)
  from space 13312K, 98% used [0x00000000d6a00000,0x00000000d76c6300,0x00000000d7700000)
  to   space 13824K, 0% used [0x00000000d5c80000,0x00000000d5c80000,0x00000000d6a00000)
 ParOldGen       total 280064K, used 273079K [0x0000000080000000, 0x0000000091180000, 0x00000000d5580000)
  object space 280064K, 97% used [0x0000000080000000,0x0000000090aadcc8,0x0000000091180000)
 Metaspace       used 49310K, committed 50688K, reserved 1114112K
  class space    used 5332K, committed 5952K, reserved 1048576K
}
Event: 21.785 GC heap before
{Heap before GC invocations=230 (full 5):
 PSYoungGen      total 20480K, used 19778K [0x00000000d5580000, 0x00000000d7800000, 0x0000000100000000)
  eden space 7168K, 93% used [0x00000000d5580000,0x00000000d5c0a780,0x00000000d5c80000)
  from space 13312K, 98% used [0x00000000d6a00000,0x00000000d76c6300,0x00000000d7700000)
  to   space 13824K, 0% used [0x00000000d5c80000,0x00000000d5c80000,0x00000000d6a00000)
 ParOldGen       total 280064K, used 273079K [0x0000000080000000, 0x0000000091180000, 0x00000000d5580000)
  object space 280064K, 97% used [0x0000000080000000,0x0000000090aadcc8,0x0000000091180000)
 Metaspace       used 49310K, committed 50688K, reserved 1114112K
  class space    used 5332K, committed 5952K, reserved 1048576K
}
Event: 21.790 GC heap after
{Heap after GC invocations=230 (full 5):
 PSYoungGen      total 20992K, used 13814K [0x00000000d5580000, 0x00000000d8100000, 0x0000000100000000)
  eden space 7168K, 0% used [0x00000000d5580000,0x00000000d5580000,0x00000000d5c80000)
  from space 13824K, 99% used [0x00000000d5c80000,0x00000000d69fdbc0,0x00000000d6a00000)
  to   space 18432K, 0% used [0x00000000d6f00000,0x00000000d6f00000,0x00000000d8100000)
 ParOldGen       total 280064K, used 276862K [0x0000000080000000, 0x0000000091180000, 0x00000000d5580000)
  object space 280064K, 98% used [0x0000000080000000,0x0000000090e5fb30,0x0000000091180000)
 Metaspace       used 49310K, committed 50688K, reserved 1114112K
  class space    used 5332K, committed 5952K, reserved 1048576K
}
Event: 21.854 GC heap before
{Heap before GC invocations=231 (full 5):
 PSYoungGen      total 20992K, used 20982K [0x00000000d5580000, 0x00000000d8100000, 0x0000000100000000)
  eden space 7168K, 100% used [0x00000000d5580000,0x00000000d5c80000,0x00000000d5c80000)
  from space 13824K, 99% used [0x00000000d5c80000,0x00000000d69fdbc0,0x00000000d6a00000)
  to   space 18432K, 0% used [0x00000000d6f00000,0x00000000d6f00000,0x00000000d8100000)
 ParOldGen       total 280064K, used 276862K [0x0000000080000000, 0x0000000091180000, 0x00000000d5580000)
  object space 280064K, 98% used [0x0000000080000000,0x0000000090e5fb30,0x0000000091180000)
 Metaspace       used 49310K, committed 50688K, reserved 1114112K
  class space    used 5332K, committed 5952K, reserved 1048576K
}
Event: 21.859 GC heap after
{Heap after GC invocations=231 (full 5):
 PSYoungGen      total 25600K, used 17513K [0x00000000d5580000, 0x00000000d8080000, 0x0000000100000000)
  eden space 7680K, 0% used [0x00000000d5580000,0x00000000d5580000,0x00000000d5d00000)
  from space 17920K, 97% used [0x00000000d6f00000,0x00000000d801a660,0x00000000d8080000)
  to   space 17920K, 0% used [0x00000000d5d80000,0x00000000d5d80000,0x00000000d6f00000)
 ParOldGen       total 280064K, used 277756K [0x0000000080000000, 0x0000000091180000, 0x00000000d5580000)
  object space 280064K, 99% used [0x0000000080000000,0x0000000090f3f0b0,0x0000000091180000)
 Metaspace       used 49310K, committed 50688K, reserved 1114112K
  class space    used 5332K, committed 5952K, reserved 1048576K
}
Event: 21.927 GC heap before
{Heap before GC invocations=232 (full 5):
 PSYoungGen      total 25600K, used 25084K [0x00000000d5580000, 0x00000000d8080000, 0x0000000100000000)
  eden space 7680K, 98% used [0x00000000d5580000,0x00000000d5ce4c28,0x00000000d5d00000)
  from space 17920K, 97% used [0x00000000d6f00000,0x00000000d801a660,0x00000000d8080000)
  to   space 17920K, 0% used [0x00000000d5d80000,0x00000000d5d80000,0x00000000d6f00000)
 ParOldGen       total 280064K, used 277756K [0x0000000080000000, 0x0000000091180000, 0x00000000d5580000)
  object space 280064K, 99% used [0x0000000080000000,0x0000000090f3f0b0,0x0000000091180000)
 Metaspace       used 49310K, committed 50688K, reserved 1114112K
  class space    used 5332K, committed 5952K, reserved 1048576K
}
Event: 21.934 GC heap after
{Heap after GC invocations=232 (full 5):
 PSYoungGen      total 26112K, used 17892K [0x00000000d5580000, 0x00000000d8a80000, 0x0000000100000000)
  eden space 8192K, 0% used [0x00000000d5580000,0x00000000d5580000,0x00000000d5d80000)
  from space 17920K, 99% used [0x00000000d5d80000,0x00000000d6ef93c0,0x00000000d6f00000)
  to   space 23040K, 0% used [0x00000000d7400000,0x00000000d7400000,0x00000000d8a80000)
 ParOldGen       total 282112K, used 282059K [0x0000000080000000, 0x0000000091380000, 0x00000000d5580000)
  object space 282112K, 99% used [0x0000000080000000,0x0000000091372fb8,0x0000000091380000)
 Metaspace       used 49310K, committed 50688K, reserved 1114112K
  class space    used 5332K, committed 5952K, reserved 1048576K
}
Event: 22.003 GC heap before
{Heap before GC invocations=233 (full 5):
 PSYoungGen      total 26112K, used 26084K [0x00000000d5580000, 0x00000000d8a80000, 0x0000000100000000)
  eden space 8192K, 100% used [0x00000000d5580000,0x00000000d5d80000,0x00000000d5d80000)
  from space 17920K, 99% used [0x00000000d5d80000,0x00000000d6ef93c0,0x00000000d6f00000)
  to   space 23040K, 0% used [0x00000000d7400000,0x00000000d7400000,0x00000000d8a80000)
 ParOldGen       total 282112K, used 282059K [0x0000000080000000, 0x0000000091380000, 0x00000000d5580000)
  object space 282112K, 99% used [0x0000000080000000,0x0000000091372fb8,0x0000000091380000)
 Metaspace       used 49310K, committed 50688K, reserved 1114112K
  class space    used 5332K, committed 5952K, reserved 1048576K
}
Event: 22.010 GC heap after
{Heap after GC invocations=233 (full 5):
 PSYoungGen      total 31232K, used 22618K [0x00000000d5580000, 0x00000000d8b00000, 0x0000000100000000)
  eden space 8192K, 0% used [0x00000000d5580000,0x00000000d5580000,0x00000000d5d80000)
  from space 23040K, 98% used [0x00000000d7400000,0x00000000d8a16858,0x00000000d8a80000)
  to   space 23040K, 0% used [0x00000000d5d80000,0x00000000d5d80000,0x00000000d7400000)
 ParOldGen       total 283136K, used 283103K [0x0000000080000000, 0x0000000091480000, 0x00000000d5580000)
  object space 283136K, 99% used [0x0000000080000000,0x0000000091477fd8,0x0000000091480000)
 Metaspace       used 49310K, committed 50688K, reserved 1114112K
  class space    used 5332K, committed 5952K, reserved 1048576K
}
Event: 22.099 GC heap before
{Heap before GC invocations=234 (full 5):
 PSYoungGen      total 31232K, used 30810K [0x00000000d5580000, 0x00000000d8b00000, 0x0000000100000000)
  eden space 8192K, 100% used [0x00000000d5580000,0x00000000d5d80000,0x00000000d5d80000)
  from space 23040K, 98% used [0x00000000d7400000,0x00000000d8a16858,0x00000000d8a80000)
  to   space 23040K, 0% used [0x00000000d5d80000,0x00000000d5d80000,0x00000000d7400000)
 ParOldGen       total 283136K, used 283103K [0x0000000080000000, 0x0000000091480000, 0x00000000d5580000)
  object space 283136K, 99% used [0x0000000080000000,0x0000000091477fd8,0x0000000091480000)
 Metaspace       used 49310K, committed 50688K, reserved 1114112K
  class space    used 5332K, committed 5952K, reserved 1048576K
}
Event: 22.107 GC heap after
{Heap after GC invocations=234 (full 5):
 PSYoungGen      total 31232K, used 23038K [0x00000000d5580000, 0x00000000d9900000, 0x0000000100000000)
  eden space 8192K, 0% used [0x00000000d5580000,0x00000000d5580000,0x00000000d5d80000)
  from space 23040K, 99% used [0x00000000d5d80000,0x00000000d73ffa98,0x00000000d7400000)
  to   space 30208K, 0% used [0x00000000d7b80000,0x00000000d7b80000,0x00000000d9900000)
 ParOldGen       total 289280K, used 288800K [0x0000000080000000, 0x0000000091a80000, 0x00000000d5580000)
  object space 289280K, 99% used [0x0000000080000000,0x0000000091a08280,0x0000000091a80000)
 Metaspace       used 49310K, committed 50688K, reserved 1114112K
  class space    used 5332K, committed 5952K, reserved 1048576K
}
Event: 22.198 GC heap before
{Heap before GC invocations=235 (full 5):
 PSYoungGen      total 31232K, used 31230K [0x00000000d5580000, 0x00000000d9900000, 0x0000000100000000)
  eden space 8192K, 100% used [0x00000000d5580000,0x00000000d5d80000,0x00000000d5d80000)
  from space 23040K, 99% used [0x00000000d5d80000,0x00000000d73ffa98,0x00000000d7400000)
  to   space 30208K, 0% used [0x00000000d7b80000,0x00000000d7b80000,0x00000000d9900000)
 ParOldGen       total 289280K, used 288800K [0x0000000080000000, 0x0000000091a80000, 0x00000000d5580000)
  object space 289280K, 99% used [0x0000000080000000,0x0000000091a08280,0x0000000091a80000)
 Metaspace       used 49310K, committed 50688K, reserved 1114112K
  class space    used 5332K, committed 5952K, reserved 1048576K
}
Event: 22.206 GC heap after
{Heap after GC invocations=235 (full 5):
 PSYoungGen      total 35840K, used 27055K [0x00000000d5580000, 0x00000000d9600000, 0x0000000100000000)
  eden space 8704K, 0% used [0x00000000d5580000,0x00000000d5580000,0x00000000d5e00000)
  from space 27136K, 99% used [0x00000000d7b80000,0x00000000d95ebdc0,0x00000000d9600000)
  to   space 27648K, 0% used [0x00000000d6000000,0x00000000d6000000,0x00000000d7b00000)
 ParOldGen       total 290304K, used 290026K [0x0000000080000000, 0x0000000091b80000, 0x00000000d5580000)
  object space 290304K, 99% used [0x0000000080000000,0x0000000091b3a8d0,0x0000000091b80000)
 Metaspace       used 49310K, committed 50688K, reserved 1114112K
  class space    used 5332K, committed 5952K, reserved 1048576K
}
Event: 22.317 GC heap before
{Heap before GC invocations=236 (full 5):
 PSYoungGen      total 35840K, used 35759K [0x00000000d5580000, 0x00000000d9600000, 0x0000000100000000)
  eden space 8704K, 100% used [0x00000000d5580000,0x00000000d5e00000,0x00000000d5e00000)
  from space 27136K, 99% used [0x00000000d7b80000,0x00000000d95ebdc0,0x00000000d9600000)
  to   space 27648K, 0% used [0x00000000d6000000,0x00000000d6000000,0x00000000d7b00000)
 ParOldGen       total 290304K, used 290026K [0x0000000080000000, 0x0000000091b80000, 0x00000000d5580000)
  object space 290304K, 99% used [0x0000000080000000,0x0000000091b3a8d0,0x0000000091b80000)
 Metaspace       used 49332K, committed 50688K, reserved 1114112K
  class space    used 5332K, committed 5952K, reserved 1048576K
}
Event: 22.328 GC heap after
{Heap after GC invocations=236 (full 5):
 PSYoungGen      total 36864K, used 27624K [0x00000000d5580000, 0x00000000d9580000, 0x0000000100000000)
  eden space 9216K, 0% used [0x00000000d5580000,0x00000000d5580000,0x00000000d5e80000)
  from space 27648K, 99% used [0x00000000d6000000,0x00000000d7afa3f8,0x00000000d7b00000)
  to   space 27136K, 0% used [0x00000000d7b00000,0x00000000d7b00000,0x00000000d9580000)
 ParOldGen       total 290304K, used 290154K [0x0000000080000000, 0x0000000091b80000, 0x00000000d5580000)
  object space 290304K, 99% used [0x0000000080000000,0x0000000091b5a8d0,0x0000000091b80000)
 Metaspace       used 49332K, committed 50688K, reserved 1114112K
  class space    used 5332K, committed 5952K, reserved 1048576K
}
Event: 22.581 GC heap before
{Heap before GC invocations=237 (full 5):
 PSYoungGen      total 36864K, used 36840K [0x00000000d5580000, 0x00000000d9580000, 0x0000000100000000)
  eden space 9216K, 100% used [0x00000000d5580000,0x00000000d5e80000,0x00000000d5e80000)
  from space 27648K, 99% used [0x00000000d6000000,0x00000000d7afa3f8,0x00000000d7b00000)
  to   space 27136K, 0% used [0x00000000d7b00000,0x00000000d7b00000,0x00000000d9580000)
 ParOldGen       total 290304K, used 290154K [0x0000000080000000, 0x0000000091b80000, 0x00000000d5580000)
  object space 290304K, 99% used [0x0000000080000000,0x0000000091b5a8d0,0x0000000091b80000)
 Metaspace       used 49332K, committed 50688K, reserved 1114112K
  class space    used 5332K, committed 5952K, reserved 1048576K
}
Event: 22.587 GC heap after
{Heap after GC invocations=237 (full 5):
 PSYoungGen      total 29184K, used 19365K [0x00000000d5580000, 0x00000000d8e00000, 0x0000000100000000)
  eden space 9728K, 0% used [0x00000000d5580000,0x00000000d5580000,0x00000000d5f00000)
  from space 19456K, 99% used [0x00000000d7b00000,0x00000000d8de94b0,0x00000000d8e00000)
  to   space 22528K, 0% used [0x00000000d6200000,0x00000000d6200000,0x00000000d7800000)
 ParOldGen       total 290816K, used 290706K [0x0000000080000000, 0x0000000091c00000, 0x00000000d5580000)
  object space 290816K, 99% used [0x0000000080000000,0x0000000091be48e0,0x0000000091c00000)
 Metaspace       used 49332K, committed 50688K, reserved 1114112K
  class space    used 5332K, committed 5952K, reserved 1048576K
}

